\BOOKMARK [0][-]{Doc-Start}{Abstract}{}% 1
\BOOKMARK [0][-]{Doc-Start}{Agradecimientos}{}% 2
\BOOKMARK [0][-]{chapter.1}{Introducci\363n}{}% 3
\BOOKMARK [1][-]{section.1.1}{ Motivaci\363n y objetivos}{chapter.1}% 4
\BOOKMARK [0][-]{chapter.2}{Marco te\363rico}{}% 5
\BOOKMARK [1][-]{section.2.1}{Consideraciones previas}{chapter.2}% 6
\BOOKMARK [1][-]{section.2.2}{\323rbitas y ciclos l\355mite}{chapter.2}% 7
\BOOKMARK [2][-]{subsection.2.2.1}{Teorema de Poincar\351 Bendixson}{section.2.2}% 8
\BOOKMARK [2][-]{subsection.2.2.2}{Otros criterios \372tiles}{section.2.2}% 9
\BOOKMARK [1][-]{section.2.3}{Osciladores fisiol\363gicos}{chapter.2}% 10
\BOOKMARK [1][-]{section.2.4}{Conceptos B\341sicos de teor\355a de Bifurcaciones}{chapter.2}% 11
\BOOKMARK [2][-]{subsection.2.4.1}{Clasificaci\363n de las principales bifurcaciones en sistemas \0401-dimensionales y 2-dimensionales}{section.2.4}% 12
\BOOKMARK [1][-]{section.2.5}{Revisitando los osciladores}{chapter.2}% 13
\BOOKMARK [1][-]{section.2.6}{Poblaci\363n de gusanos de las p\355ceas}{chapter.2}% 14
\BOOKMARK [1][-]{section.2.7}{Glic\363lisis celular}{chapter.2}% 15
\BOOKMARK [0][-]{chapter.3}{An\341lisis Num\351rico}{}% 16
\BOOKMARK [1][-]{section.3.1}{Principios generales para el tratamiento num\351rico de bifurcaciones}{chapter.3}% 17
\BOOKMARK [2][-]{subsection.3.1.1}{Presentaci\363n del problema}{section.3.1}% 18
\BOOKMARK [2][-]{subsection.3.1.2}{C\341lculo de soluciones iniciales}{section.3.1}% 19
\BOOKMARK [2][-]{subsection.3.1.3}{M\351todo de continuaci\363n}{section.3.1}% 20
\BOOKMARK [2][-]{subsection.3.1.4}{Localizaci\363n de Bifurcaciones}{section.3.1}% 21
\BOOKMARK [2][-]{subsection.3.1.5}{M\351todo de Newton-Chord}{section.3.1}% 22
\BOOKMARK [1][-]{section.3.2}{Software utilizado}{chapter.3}% 23
\BOOKMARK [2][-]{subsection.3.2.1}{Python: Diagramas de Fases}{section.3.2}% 24
\BOOKMARK [2][-]{subsection.3.2.2}{Geogebra: Visualizaci\363n din\341mica}{section.3.2}% 25
\BOOKMARK [2][-]{subsection.3.2.3}{AUTO07-p: Estudio de bifurcaciones}{section.3.2}% 26
\BOOKMARK [2][-]{subsection.3.2.4}{Ejemplo completo guiado: Competici\363n entre especies}{section.3.2}% 27
\BOOKMARK [1][-]{section.3.3}{Otros diagramas de bifurcaciones}{chapter.3}% 28
\BOOKMARK [2][-]{subsection.3.3.1}{Van der Pol}{section.3.3}% 29
\BOOKMARK [2][-]{subsection.3.3.2}{Gusanos de las p\355ceas.}{section.3.3}% 30
\BOOKMARK [0][-]{chapter.4}{Conclusiones}{}% 31
\BOOKMARK [1][-]{section.4.1}{La matem\341tica aplicada}{chapter.4}% 32
\BOOKMARK [1][-]{section.4.2}{El software matem\341tico}{chapter.4}% 33
\BOOKMARK [1][-]{section.4.3}{El arte de encontrar par\341metros}{chapter.4}% 34
\BOOKMARK [0][-]{chapter.1}{C\363digos AUTO}{}% 35
\BOOKMARK [1][-]{section.1.1}{C\363digo del modelo predador presa.}{chapter.1}% 36
\BOOKMARK [1][-]{section.1.2}{C\363digo Van der Pol modificado}{chapter.1}% 37
\BOOKMARK [1][-]{section.1.3}{C\363digo Van der Pol \351standar }{chapter.1}% 38
\BOOKMARK [0][-]{chapter.2}{C\363digos Python}{}% 39
\BOOKMARK [1][-]{section.2.1}{Dibujar \363rbitas}{chapter.2}% 40
\BOOKMARK [1][-]{section.2.2}{Nulclinas y diagrama de fases}{chapter.2}% 41
\BOOKMARK [0][-]{chapter.3}{C\363digos Geogebra}{}% 42
\BOOKMARK [1][-]{section.3.1}{Archivo de visualizaci\363n din\341mica}{chapter.3}% 43
\BOOKMARK [0][-]{lstnumber.-27.13}{Bibliograf\355a}{}% 44
