This is pdfTeX, Version 3.14159265-2.6-1.40.16 (TeX Live 2015/Debian) (preloaded format=pdflatex 2017.8.27)  4 SEP 2017 12:46
entering extended mode
 restricted \write18 enabled.
 %&-line parsing enabled.
**thesis.tex
(./thesis.tex
LaTeX2e <2016/02/01>
Babel <3.9q> and hyphenation patterns for 3 language(s) loaded.
(/usr/share/texlive/texmf-dist/tex/latex/base/report.cls
Document Class: report 2014/09/29 v1.4h Standard LaTeX document class
(/usr/share/texlive/texmf-dist/tex/latex/base/size12.clo
File: size12.clo 2014/09/29 v1.4h Standard LaTeX file (size option)
)
\c@part=\count79
\c@chapter=\count80
\c@section=\count81
\c@subsection=\count82
\c@subsubsection=\count83
\c@paragraph=\count84
\c@subparagraph=\count85
\c@figure=\count86
\c@table=\count87
\abovecaptionskip=\skip41
\belowcaptionskip=\skip42
\bibindent=\dimen102
)
(/usr/share/texlive/texmf-dist/tex/latex/geometry/geometry.sty
Package: geometry 2010/09/12 v5.6 Page Geometry

(/usr/share/texlive/texmf-dist/tex/latex/graphics/keyval.sty
Package: keyval 2014/10/28 v1.15 key=value parser (DPC)
\KV@toks@=\toks14
)
(/usr/share/texlive/texmf-dist/tex/generic/oberdiek/ifpdf.sty
Package: ifpdf 2011/01/30 v2.3 Provides the ifpdf switch (HO)
Package ifpdf Info: pdfTeX in PDF mode is detected.
)
(/usr/share/texlive/texmf-dist/tex/generic/oberdiek/ifvtex.sty
Package: ifvtex 2010/03/01 v1.5 Detect VTeX and its facilities (HO)
Package ifvtex Info: VTeX not detected.
)
(/usr/share/texlive/texmf-dist/tex/generic/ifxetex/ifxetex.sty
Package: ifxetex 2010/09/12 v0.6 Provides ifxetex conditional
)
\Gm@cnth=\count88
\Gm@cntv=\count89
\c@Gm@tempcnt=\count90
\Gm@bindingoffset=\dimen103
\Gm@wd@mp=\dimen104
\Gm@odd@mp=\dimen105
\Gm@even@mp=\dimen106
\Gm@layoutwidth=\dimen107
\Gm@layoutheight=\dimen108
\Gm@layouthoffset=\dimen109
\Gm@layoutvoffset=\dimen110
\Gm@dimlist=\toks15
)
(/usr/share/texlive/texmf-dist/tex/latex/base/inputenc.sty
Package: inputenc 2015/03/17 v1.2c Input encoding file
\inpenc@prehook=\toks16
\inpenc@posthook=\toks17

(/usr/share/texlive/texmf-dist/tex/latex/base/utf8.def
File: utf8.def 2015/12/03 v1.1r UTF-8 support for inputenc
Now handling font encoding OML ...
... no UTF-8 mapping file for font encoding OML
Now handling font encoding T1 ...
... processing UTF-8 mapping file for font encoding T1

(/usr/share/texlive/texmf-dist/tex/latex/base/t1enc.dfu
File: t1enc.dfu 2015/12/03 v1.1r UTF-8 support for inputenc
   defining Unicode char U+00A0 (decimal 160)
   defining Unicode char U+00A1 (decimal 161)
   defining Unicode char U+00A3 (decimal 163)
   defining Unicode char U+00AB (decimal 171)
   defining Unicode char U+00AD (decimal 173)
   defining Unicode char U+00BB (decimal 187)
   defining Unicode char U+00BF (decimal 191)
   defining Unicode char U+00C0 (decimal 192)
   defining Unicode char U+00C1 (decimal 193)
   defining Unicode char U+00C2 (decimal 194)
   defining Unicode char U+00C3 (decimal 195)
   defining Unicode char U+00C4 (decimal 196)
   defining Unicode char U+00C5 (decimal 197)
   defining Unicode char U+00C6 (decimal 198)
   defining Unicode char U+00C7 (decimal 199)
   defining Unicode char U+00C8 (decimal 200)
   defining Unicode char U+00C9 (decimal 201)
   defining Unicode char U+00CA (decimal 202)
   defining Unicode char U+00CB (decimal 203)
   defining Unicode char U+00CC (decimal 204)
   defining Unicode char U+00CD (decimal 205)
   defining Unicode char U+00CE (decimal 206)
   defining Unicode char U+00CF (decimal 207)
   defining Unicode char U+00D0 (decimal 208)
   defining Unicode char U+00D1 (decimal 209)
   defining Unicode char U+00D2 (decimal 210)
   defining Unicode char U+00D3 (decimal 211)
   defining Unicode char U+00D4 (decimal 212)
   defining Unicode char U+00D5 (decimal 213)
   defining Unicode char U+00D6 (decimal 214)
   defining Unicode char U+00D8 (decimal 216)
   defining Unicode char U+00D9 (decimal 217)
   defining Unicode char U+00DA (decimal 218)
   defining Unicode char U+00DB (decimal 219)
   defining Unicode char U+00DC (decimal 220)
   defining Unicode char U+00DD (decimal 221)
   defining Unicode char U+00DE (decimal 222)
   defining Unicode char U+00DF (decimal 223)
   defining Unicode char U+00E0 (decimal 224)
   defining Unicode char U+00E1 (decimal 225)
   defining Unicode char U+00E2 (decimal 226)
   defining Unicode char U+00E3 (decimal 227)
   defining Unicode char U+00E4 (decimal 228)
   defining Unicode char U+00E5 (decimal 229)
   defining Unicode char U+00E6 (decimal 230)
   defining Unicode char U+00E7 (decimal 231)
   defining Unicode char U+00E8 (decimal 232)
   defining Unicode char U+00E9 (decimal 233)
   defining Unicode char U+00EA (decimal 234)
   defining Unicode char U+00EB (decimal 235)
   defining Unicode char U+00EC (decimal 236)
   defining Unicode char U+00ED (decimal 237)
   defining Unicode char U+00EE (decimal 238)
   defining Unicode char U+00EF (decimal 239)
   defining Unicode char U+00F0 (decimal 240)
   defining Unicode char U+00F1 (decimal 241)
   defining Unicode char U+00F2 (decimal 242)
   defining Unicode char U+00F3 (decimal 243)
   defining Unicode char U+00F4 (decimal 244)
   defining Unicode char U+00F5 (decimal 245)
   defining Unicode char U+00F6 (decimal 246)
   defining Unicode char U+00F8 (decimal 248)
   defining Unicode char U+00F9 (decimal 249)
   defining Unicode char U+00FA (decimal 250)
   defining Unicode char U+00FB (decimal 251)
   defining Unicode char U+00FC (decimal 252)
   defining Unicode char U+00FD (decimal 253)
   defining Unicode char U+00FE (decimal 254)
   defining Unicode char U+00FF (decimal 255)
   defining Unicode char U+0100 (decimal 256)
   defining Unicode char U+0101 (decimal 257)
   defining Unicode char U+0102 (decimal 258)
   defining Unicode char U+0103 (decimal 259)
   defining Unicode char U+0104 (decimal 260)
   defining Unicode char U+0105 (decimal 261)
   defining Unicode char U+0106 (decimal 262)
   defining Unicode char U+0107 (decimal 263)
   defining Unicode char U+0108 (decimal 264)
   defining Unicode char U+0109 (decimal 265)
   defining Unicode char U+010A (decimal 266)
   defining Unicode char U+010B (decimal 267)
   defining Unicode char U+010C (decimal 268)
   defining Unicode char U+010D (decimal 269)
   defining Unicode char U+010E (decimal 270)
   defining Unicode char U+010F (decimal 271)
   defining Unicode char U+0110 (decimal 272)
   defining Unicode char U+0111 (decimal 273)
   defining Unicode char U+0112 (decimal 274)
   defining Unicode char U+0113 (decimal 275)
   defining Unicode char U+0114 (decimal 276)
   defining Unicode char U+0115 (decimal 277)
   defining Unicode char U+0116 (decimal 278)
   defining Unicode char U+0117 (decimal 279)
   defining Unicode char U+0118 (decimal 280)
   defining Unicode char U+0119 (decimal 281)
   defining Unicode char U+011A (decimal 282)
   defining Unicode char U+011B (decimal 283)
   defining Unicode char U+011C (decimal 284)
   defining Unicode char U+011D (decimal 285)
   defining Unicode char U+011E (decimal 286)
   defining Unicode char U+011F (decimal 287)
   defining Unicode char U+0120 (decimal 288)
   defining Unicode char U+0121 (decimal 289)
   defining Unicode char U+0122 (decimal 290)
   defining Unicode char U+0123 (decimal 291)
   defining Unicode char U+0124 (decimal 292)
   defining Unicode char U+0125 (decimal 293)
   defining Unicode char U+0128 (decimal 296)
   defining Unicode char U+0129 (decimal 297)
   defining Unicode char U+012A (decimal 298)
   defining Unicode char U+012B (decimal 299)
   defining Unicode char U+012C (decimal 300)
   defining Unicode char U+012D (decimal 301)
   defining Unicode char U+012E (decimal 302)
   defining Unicode char U+012F (decimal 303)
   defining Unicode char U+0130 (decimal 304)
   defining Unicode char U+0131 (decimal 305)
   defining Unicode char U+0132 (decimal 306)
   defining Unicode char U+0133 (decimal 307)
   defining Unicode char U+0134 (decimal 308)
   defining Unicode char U+0135 (decimal 309)
   defining Unicode char U+0136 (decimal 310)
   defining Unicode char U+0137 (decimal 311)
   defining Unicode char U+0139 (decimal 313)
   defining Unicode char U+013A (decimal 314)
   defining Unicode char U+013B (decimal 315)
   defining Unicode char U+013C (decimal 316)
   defining Unicode char U+013D (decimal 317)
   defining Unicode char U+013E (decimal 318)
   defining Unicode char U+0141 (decimal 321)
   defining Unicode char U+0142 (decimal 322)
   defining Unicode char U+0143 (decimal 323)
   defining Unicode char U+0144 (decimal 324)
   defining Unicode char U+0145 (decimal 325)
   defining Unicode char U+0146 (decimal 326)
   defining Unicode char U+0147 (decimal 327)
   defining Unicode char U+0148 (decimal 328)
   defining Unicode char U+014A (decimal 330)
   defining Unicode char U+014B (decimal 331)
   defining Unicode char U+014C (decimal 332)
   defining Unicode char U+014D (decimal 333)
   defining Unicode char U+014E (decimal 334)
   defining Unicode char U+014F (decimal 335)
   defining Unicode char U+0150 (decimal 336)
   defining Unicode char U+0151 (decimal 337)
   defining Unicode char U+0152 (decimal 338)
   defining Unicode char U+0153 (decimal 339)
   defining Unicode char U+0154 (decimal 340)
   defining Unicode char U+0155 (decimal 341)
   defining Unicode char U+0156 (decimal 342)
   defining Unicode char U+0157 (decimal 343)
   defining Unicode char U+0158 (decimal 344)
   defining Unicode char U+0159 (decimal 345)
   defining Unicode char U+015A (decimal 346)
   defining Unicode char U+015B (decimal 347)
   defining Unicode char U+015C (decimal 348)
   defining Unicode char U+015D (decimal 349)
   defining Unicode char U+015E (decimal 350)
   defining Unicode char U+015F (decimal 351)
   defining Unicode char U+0160 (decimal 352)
   defining Unicode char U+0161 (decimal 353)
   defining Unicode char U+0162 (decimal 354)
   defining Unicode char U+0163 (decimal 355)
   defining Unicode char U+0164 (decimal 356)
   defining Unicode char U+0165 (decimal 357)
   defining Unicode char U+0168 (decimal 360)
   defining Unicode char U+0169 (decimal 361)
   defining Unicode char U+016A (decimal 362)
   defining Unicode char U+016B (decimal 363)
   defining Unicode char U+016C (decimal 364)
   defining Unicode char U+016D (decimal 365)
   defining Unicode char U+016E (decimal 366)
   defining Unicode char U+016F (decimal 367)
   defining Unicode char U+0170 (decimal 368)
   defining Unicode char U+0171 (decimal 369)
   defining Unicode char U+0172 (decimal 370)
   defining Unicode char U+0173 (decimal 371)
   defining Unicode char U+0174 (decimal 372)
   defining Unicode char U+0175 (decimal 373)
   defining Unicode char U+0176 (decimal 374)
   defining Unicode char U+0177 (decimal 375)
   defining Unicode char U+0178 (decimal 376)
   defining Unicode char U+0179 (decimal 377)
   defining Unicode char U+017A (decimal 378)
   defining Unicode char U+017B (decimal 379)
   defining Unicode char U+017C (decimal 380)
   defining Unicode char U+017D (decimal 381)
   defining Unicode char U+017E (decimal 382)
   defining Unicode char U+01CD (decimal 461)
   defining Unicode char U+01CE (decimal 462)
   defining Unicode char U+01CF (decimal 463)
   defining Unicode char U+01D0 (decimal 464)
   defining Unicode char U+01D1 (decimal 465)
   defining Unicode char U+01D2 (decimal 466)
   defining Unicode char U+01D3 (decimal 467)
   defining Unicode char U+01D4 (decimal 468)
   defining Unicode char U+01E2 (decimal 482)
   defining Unicode char U+01E3 (decimal 483)
   defining Unicode char U+01E6 (decimal 486)
   defining Unicode char U+01E7 (decimal 487)
   defining Unicode char U+01E8 (decimal 488)
   defining Unicode char U+01E9 (decimal 489)
   defining Unicode char U+01EA (decimal 490)
   defining Unicode char U+01EB (decimal 491)
   defining Unicode char U+01F0 (decimal 496)
   defining Unicode char U+01F4 (decimal 500)
   defining Unicode char U+01F5 (decimal 501)
   defining Unicode char U+0218 (decimal 536)
   defining Unicode char U+0219 (decimal 537)
   defining Unicode char U+021A (decimal 538)
   defining Unicode char U+021B (decimal 539)
   defining Unicode char U+01E02 (decimal 7682)
   defining Unicode char U+01E03 (decimal 7683)
   defining Unicode char U+200C (decimal 8204)
   defining Unicode char U+2013 (decimal 8211)
   defining Unicode char U+2014 (decimal 8212)
   defining Unicode char U+2018 (decimal 8216)
   defining Unicode char U+2019 (decimal 8217)
   defining Unicode char U+201A (decimal 8218)
   defining Unicode char U+201C (decimal 8220)
   defining Unicode char U+201D (decimal 8221)
   defining Unicode char U+201E (decimal 8222)
   defining Unicode char U+2030 (decimal 8240)
   defining Unicode char U+2031 (decimal 8241)
   defining Unicode char U+2039 (decimal 8249)
   defining Unicode char U+203A (decimal 8250)
   defining Unicode char U+2423 (decimal 9251)
)
Now handling font encoding OT1 ...
... processing UTF-8 mapping file for font encoding OT1

(/usr/share/texlive/texmf-dist/tex/latex/base/ot1enc.dfu
File: ot1enc.dfu 2015/12/03 v1.1r UTF-8 support for inputenc
   defining Unicode char U+00A0 (decimal 160)
   defining Unicode char U+00A1 (decimal 161)
   defining Unicode char U+00A3 (decimal 163)
   defining Unicode char U+00AD (decimal 173)
   defining Unicode char U+00B8 (decimal 184)
   defining Unicode char U+00BF (decimal 191)
   defining Unicode char U+00C5 (decimal 197)
   defining Unicode char U+00C6 (decimal 198)
   defining Unicode char U+00D8 (decimal 216)
   defining Unicode char U+00DF (decimal 223)
   defining Unicode char U+00E6 (decimal 230)
   defining Unicode char U+00EC (decimal 236)
   defining Unicode char U+00ED (decimal 237)
   defining Unicode char U+00EE (decimal 238)
   defining Unicode char U+00EF (decimal 239)
   defining Unicode char U+00F8 (decimal 248)
   defining Unicode char U+0131 (decimal 305)
   defining Unicode char U+0141 (decimal 321)
   defining Unicode char U+0142 (decimal 322)
   defining Unicode char U+0152 (decimal 338)
   defining Unicode char U+0153 (decimal 339)
   defining Unicode char U+0174 (decimal 372)
   defining Unicode char U+0175 (decimal 373)
   defining Unicode char U+0176 (decimal 374)
   defining Unicode char U+0177 (decimal 375)
   defining Unicode char U+0218 (decimal 536)
   defining Unicode char U+0219 (decimal 537)
   defining Unicode char U+021A (decimal 538)
   defining Unicode char U+021B (decimal 539)
   defining Unicode char U+2013 (decimal 8211)
   defining Unicode char U+2014 (decimal 8212)
   defining Unicode char U+2018 (decimal 8216)
   defining Unicode char U+2019 (decimal 8217)
   defining Unicode char U+201C (decimal 8220)
   defining Unicode char U+201D (decimal 8221)
)
Now handling font encoding OMS ...
... processing UTF-8 mapping file for font encoding OMS

(/usr/share/texlive/texmf-dist/tex/latex/base/omsenc.dfu
File: omsenc.dfu 2015/12/03 v1.1r UTF-8 support for inputenc
   defining Unicode char U+00A7 (decimal 167)
   defining Unicode char U+00B6 (decimal 182)
   defining Unicode char U+00B7 (decimal 183)
   defining Unicode char U+2020 (decimal 8224)
   defining Unicode char U+2021 (decimal 8225)
   defining Unicode char U+2022 (decimal 8226)
)
Now handling font encoding OMX ...
... no UTF-8 mapping file for font encoding OMX
Now handling font encoding U ...
... no UTF-8 mapping file for font encoding U
   defining Unicode char U+00A9 (decimal 169)
   defining Unicode char U+00AA (decimal 170)
   defining Unicode char U+00AE (decimal 174)
   defining Unicode char U+00BA (decimal 186)
   defining Unicode char U+02C6 (decimal 710)
   defining Unicode char U+02DC (decimal 732)
   defining Unicode char U+200C (decimal 8204)
   defining Unicode char U+2026 (decimal 8230)
   defining Unicode char U+2122 (decimal 8482)
   defining Unicode char U+2423 (decimal 9251)
))
(/usr/share/texlive/texmf-dist/tex/generic/babel/babel.sty
Package: babel 2016/02/24 3.9q The Babel package


! Package babel Error: Unknown option `spanish'. Either you misspelled it
(babel)                or the language definition file spanish.ldf was not foun
d.

See the babel package documentation for explanation.
Type  H <return>  for immediate help.
 ...                                              
                                                  
l.310 \ProcessOptions*
                      
Valid options are: shorthands=, KeepShorthandsActive,
activeacute, activegrave, noconfigs, safe=, main=, math=
headfoot=, strings=, config=, hyphenmap=, or a language name.


! Package babel Error: You haven't specified a language option.

See the babel package documentation for explanation.
Type  H <return>  for immediate help.
 ...                                              
                                                  
l.343 ...ry to proceed from here, type x to quit.}
                                                  
You need to specify a language, either as a global option
or as an optional argument to the \usepackage command;
You shouldn't try to proceed from here, type x to quit.

) (/usr/share/texlive/texmf-dist/tex/latex/amscls/amsthm.sty
Package: amsthm 2015/03/04 v2.20.2
\thm@style=\toks18
\thm@bodyfont=\toks19
\thm@headfont=\toks20
\thm@notefont=\toks21
\thm@headpunct=\toks22
\thm@preskip=\skip43
\thm@postskip=\skip44
\thm@headsep=\skip45
\dth@everypar=\toks23
)
(/usr/share/texlive/texmf-dist/tex/latex/amsmath/amsmath.sty
Package: amsmath 2016/03/03 v2.15a AMS math features
\@mathmargin=\skip46

For additional information on amsmath, use the `?' option.
(/usr/share/texlive/texmf-dist/tex/latex/amsmath/amstext.sty
Package: amstext 2000/06/29 v2.01 AMS text

(/usr/share/texlive/texmf-dist/tex/latex/amsmath/amsgen.sty
File: amsgen.sty 1999/11/30 v2.0 generic functions
\@emptytoks=\toks24
\ex@=\dimen111
))
(/usr/share/texlive/texmf-dist/tex/latex/amsmath/amsbsy.sty
Package: amsbsy 1999/11/29 v1.2d Bold Symbols
\pmbraise@=\dimen112
)
(/usr/share/texlive/texmf-dist/tex/latex/amsmath/amsopn.sty
Package: amsopn 1999/12/14 v2.01 operator names
)
\inf@bad=\count91
LaTeX Info: Redefining \frac on input line 199.
\uproot@=\count92
\leftroot@=\count93
LaTeX Info: Redefining \overline on input line 297.
\classnum@=\count94
\DOTSCASE@=\count95
LaTeX Info: Redefining \ldots on input line 394.
LaTeX Info: Redefining \dots on input line 397.
LaTeX Info: Redefining \cdots on input line 518.
\Mathstrutbox@=\box26
\strutbox@=\box27
\big@size=\dimen113
LaTeX Font Info:    Redeclaring font encoding OML on input line 630.
LaTeX Font Info:    Redeclaring font encoding OMS on input line 631.
\macc@depth=\count96
\c@MaxMatrixCols=\count97
\dotsspace@=\muskip10
\c@parentequation=\count98
\dspbrk@lvl=\count99
\tag@help=\toks25
\row@=\count100
\column@=\count101
\maxfields@=\count102
\andhelp@=\toks26
\eqnshift@=\dimen114
\alignsep@=\dimen115
\tagshift@=\dimen116
\tagwidth@=\dimen117
\totwidth@=\dimen118
\lineht@=\dimen119
\@envbody=\toks27
\multlinegap=\skip47
\multlinetaggap=\skip48
\mathdisplay@stack=\toks28
LaTeX Info: Redefining \[ on input line 2735.
LaTeX Info: Redefining \] on input line 2736.
)
(/usr/share/texlive/texmf-dist/tex/latex/amsfonts/amsfonts.sty
Package: amsfonts 2013/01/14 v3.01 Basic AMSFonts support
\symAMSa=\mathgroup4
\symAMSb=\mathgroup5
LaTeX Font Info:    Overwriting math alphabet `\mathfrak' in version `bold'
(Font)                  U/euf/m/n --> U/euf/b/n on input line 106.
)
(/usr/share/texlive/texmf-dist/tex/latex/pgf/basiclayer/pgf.sty
(/usr/share/texlive/texmf-dist/tex/latex/pgf/utilities/pgfrcs.sty
(/usr/share/texlive/texmf-dist/tex/generic/pgf/utilities/pgfutil-common.tex
\pgfutil@everybye=\toks29
\pgfutil@tempdima=\dimen120
\pgfutil@tempdimb=\dimen121

(/usr/share/texlive/texmf-dist/tex/generic/pgf/utilities/pgfutil-common-lists.t
ex)) (/usr/share/texlive/texmf-dist/tex/generic/pgf/utilities/pgfutil-latex.def
\pgfutil@abb=\box28
(/usr/share/texlive/texmf-dist/tex/latex/ms/everyshi.sty
Package: everyshi 2001/05/15 v3.00 EveryShipout Package (MS)
))
(/usr/share/texlive/texmf-dist/tex/generic/pgf/utilities/pgfrcs.code.tex
Package: pgfrcs 2015/08/07 v3.0.1a (rcs-revision 1.31)
))
Package: pgf 2015/08/07 v3.0.1a (rcs-revision 1.15)

(/usr/share/texlive/texmf-dist/tex/latex/pgf/basiclayer/pgfcore.sty
(/usr/share/texlive/texmf-dist/tex/latex/graphics/graphicx.sty
Package: graphicx 2014/10/28 v1.0g Enhanced LaTeX Graphics (DPC,SPQR)

(/usr/share/texlive/texmf-dist/tex/latex/graphics/graphics.sty
Package: graphics 2016/01/03 v1.0q Standard LaTeX Graphics (DPC,SPQR)

(/usr/share/texlive/texmf-dist/tex/latex/graphics/trig.sty
Package: trig 2016/01/03 v1.10 sin cos tan (DPC)
)
(/usr/share/texlive/texmf-dist/tex/latex/latexconfig/graphics.cfg
File: graphics.cfg 2010/04/23 v1.9 graphics configuration of TeX Live
)
Package graphics Info: Driver file: pdftex.def on input line 95.

(/usr/share/texlive/texmf-dist/tex/latex/pdftex-def/pdftex.def
File: pdftex.def 2011/05/27 v0.06d Graphics/color for pdfTeX

(/usr/share/texlive/texmf-dist/tex/generic/oberdiek/infwarerr.sty
Package: infwarerr 2010/04/08 v1.3 Providing info/warning/error messages (HO)
)
(/usr/share/texlive/texmf-dist/tex/generic/oberdiek/ltxcmds.sty
Package: ltxcmds 2011/11/09 v1.22 LaTeX kernel commands for general use (HO)
)
\Gread@gobject=\count103
))
\Gin@req@height=\dimen122
\Gin@req@width=\dimen123
)
(/usr/share/texlive/texmf-dist/tex/latex/pgf/systemlayer/pgfsys.sty
(/usr/share/texlive/texmf-dist/tex/generic/pgf/systemlayer/pgfsys.code.tex
Package: pgfsys 2014/07/09 v3.0.1a (rcs-revision 1.48)

(/usr/share/texlive/texmf-dist/tex/generic/pgf/utilities/pgfkeys.code.tex
\pgfkeys@pathtoks=\toks30
\pgfkeys@temptoks=\toks31

(/usr/share/texlive/texmf-dist/tex/generic/pgf/utilities/pgfkeysfiltered.code.t
ex
\pgfkeys@tmptoks=\toks32
))
\pgf@x=\dimen124
\pgf@y=\dimen125
\pgf@xa=\dimen126
\pgf@ya=\dimen127
\pgf@xb=\dimen128
\pgf@yb=\dimen129
\pgf@xc=\dimen130
\pgf@yc=\dimen131
\w@pgf@writea=\write3
\r@pgf@reada=\read1
\c@pgf@counta=\count104
\c@pgf@countb=\count105
\c@pgf@countc=\count106
\c@pgf@countd=\count107
\t@pgf@toka=\toks33
\t@pgf@tokb=\toks34
\t@pgf@tokc=\toks35
 (/usr/share/texlive/texmf-dist/tex/generic/pgf/systemlayer/pgf.cfg
File: pgf.cfg 2008/05/14  (rcs-revision 1.7)
)
Driver file for pgf: pgfsys-pdftex.def

(/usr/share/texlive/texmf-dist/tex/generic/pgf/systemlayer/pgfsys-pdftex.def
File: pgfsys-pdftex.def 2014/10/11  (rcs-revision 1.35)

(/usr/share/texlive/texmf-dist/tex/generic/pgf/systemlayer/pgfsys-common-pdf.de
f
File: pgfsys-common-pdf.def 2013/10/10  (rcs-revision 1.13)
)))
(/usr/share/texlive/texmf-dist/tex/generic/pgf/systemlayer/pgfsyssoftpath.code.
tex
File: pgfsyssoftpath.code.tex 2013/09/09  (rcs-revision 1.9)
\pgfsyssoftpath@smallbuffer@items=\count108
\pgfsyssoftpath@bigbuffer@items=\count109
)
(/usr/share/texlive/texmf-dist/tex/generic/pgf/systemlayer/pgfsysprotocol.code.
tex
File: pgfsysprotocol.code.tex 2006/10/16  (rcs-revision 1.4)
)) (/usr/share/texlive/texmf-dist/tex/latex/xcolor/xcolor.sty
Package: xcolor 2007/01/21 v2.11 LaTeX color extensions (UK)

(/usr/share/texlive/texmf-dist/tex/latex/latexconfig/color.cfg
File: color.cfg 2007/01/18 v1.5 color configuration of teTeX/TeXLive
)
Package xcolor Info: Driver file: pdftex.def on input line 225.
Package xcolor Info: Model `cmy' substituted by `cmy0' on input line 1337.
Package xcolor Info: Model `hsb' substituted by `rgb' on input line 1341.
Package xcolor Info: Model `RGB' extended on input line 1353.
Package xcolor Info: Model `HTML' substituted by `rgb' on input line 1355.
Package xcolor Info: Model `Hsb' substituted by `hsb' on input line 1356.
Package xcolor Info: Model `tHsb' substituted by `hsb' on input line 1357.
Package xcolor Info: Model `HSB' substituted by `hsb' on input line 1358.
Package xcolor Info: Model `Gray' substituted by `gray' on input line 1359.
Package xcolor Info: Model `wave' substituted by `hsb' on input line 1360.
)
(/usr/share/texlive/texmf-dist/tex/generic/pgf/basiclayer/pgfcore.code.tex
Package: pgfcore 2010/04/11 v3.0.1a (rcs-revision 1.7)

(/usr/share/texlive/texmf-dist/tex/generic/pgf/math/pgfmath.code.tex
(/usr/share/texlive/texmf-dist/tex/generic/pgf/math/pgfmathcalc.code.tex
(/usr/share/texlive/texmf-dist/tex/generic/pgf/math/pgfmathutil.code.tex)
(/usr/share/texlive/texmf-dist/tex/generic/pgf/math/pgfmathparser.code.tex
\pgfmath@dimen=\dimen132
\pgfmath@count=\count110
\pgfmath@box=\box29
\pgfmath@toks=\toks36
\pgfmath@stack@operand=\toks37
\pgfmath@stack@operation=\toks38
)
(/usr/share/texlive/texmf-dist/tex/generic/pgf/math/pgfmathfunctions.code.tex
(/usr/share/texlive/texmf-dist/tex/generic/pgf/math/pgfmathfunctions.basic.code
.tex)
(/usr/share/texlive/texmf-dist/tex/generic/pgf/math/pgfmathfunctions.trigonomet
ric.code.tex)
(/usr/share/texlive/texmf-dist/tex/generic/pgf/math/pgfmathfunctions.random.cod
e.tex)
(/usr/share/texlive/texmf-dist/tex/generic/pgf/math/pgfmathfunctions.comparison
.code.tex)
(/usr/share/texlive/texmf-dist/tex/generic/pgf/math/pgfmathfunctions.base.code.
tex)
(/usr/share/texlive/texmf-dist/tex/generic/pgf/math/pgfmathfunctions.round.code
.tex)
(/usr/share/texlive/texmf-dist/tex/generic/pgf/math/pgfmathfunctions.misc.code.
tex)
(/usr/share/texlive/texmf-dist/tex/generic/pgf/math/pgfmathfunctions.integerari
thmetics.code.tex)))
(/usr/share/texlive/texmf-dist/tex/generic/pgf/math/pgfmathfloat.code.tex
\c@pgfmathroundto@lastzeros=\count111
))
(/usr/share/texlive/texmf-dist/tex/generic/pgf/basiclayer/pgfcorepoints.code.te
x
File: pgfcorepoints.code.tex 2013/10/07  (rcs-revision 1.27)
\pgf@picminx=\dimen133
\pgf@picmaxx=\dimen134
\pgf@picminy=\dimen135
\pgf@picmaxy=\dimen136
\pgf@pathminx=\dimen137
\pgf@pathmaxx=\dimen138
\pgf@pathminy=\dimen139
\pgf@pathmaxy=\dimen140
\pgf@xx=\dimen141
\pgf@xy=\dimen142
\pgf@yx=\dimen143
\pgf@yy=\dimen144
\pgf@zx=\dimen145
\pgf@zy=\dimen146
)
(/usr/share/texlive/texmf-dist/tex/generic/pgf/basiclayer/pgfcorepathconstruct.
code.tex
File: pgfcorepathconstruct.code.tex 2013/10/07  (rcs-revision 1.29)
\pgf@path@lastx=\dimen147
\pgf@path@lasty=\dimen148
)
(/usr/share/texlive/texmf-dist/tex/generic/pgf/basiclayer/pgfcorepathusage.code
.tex
File: pgfcorepathusage.code.tex 2014/11/02  (rcs-revision 1.24)
\pgf@shorten@end@additional=\dimen149
\pgf@shorten@start@additional=\dimen150
)
(/usr/share/texlive/texmf-dist/tex/generic/pgf/basiclayer/pgfcorescopes.code.te
x
File: pgfcorescopes.code.tex 2015/05/08  (rcs-revision 1.46)
\pgfpic=\box30
\pgf@hbox=\box31
\pgf@layerbox@main=\box32
\pgf@picture@serial@count=\count112
)
(/usr/share/texlive/texmf-dist/tex/generic/pgf/basiclayer/pgfcoregraphicstate.c
ode.tex
File: pgfcoregraphicstate.code.tex 2014/11/02  (rcs-revision 1.12)
\pgflinewidth=\dimen151
)
(/usr/share/texlive/texmf-dist/tex/generic/pgf/basiclayer/pgfcoretransformation
s.code.tex
File: pgfcoretransformations.code.tex 2015/08/07  (rcs-revision 1.20)
\pgf@pt@x=\dimen152
\pgf@pt@y=\dimen153
\pgf@pt@temp=\dimen154
)
(/usr/share/texlive/texmf-dist/tex/generic/pgf/basiclayer/pgfcorequick.code.tex
File: pgfcorequick.code.tex 2008/10/09  (rcs-revision 1.3)
)
(/usr/share/texlive/texmf-dist/tex/generic/pgf/basiclayer/pgfcoreobjects.code.t
ex
File: pgfcoreobjects.code.tex 2006/10/11  (rcs-revision 1.2)
)
(/usr/share/texlive/texmf-dist/tex/generic/pgf/basiclayer/pgfcorepathprocessing
.code.tex
File: pgfcorepathprocessing.code.tex 2013/09/09  (rcs-revision 1.9)
)
(/usr/share/texlive/texmf-dist/tex/generic/pgf/basiclayer/pgfcorearrows.code.te
x
File: pgfcorearrows.code.tex 2015/05/14  (rcs-revision 1.43)
\pgfarrowsep=\dimen155
)
(/usr/share/texlive/texmf-dist/tex/generic/pgf/basiclayer/pgfcoreshade.code.tex
File: pgfcoreshade.code.tex 2013/07/15  (rcs-revision 1.15)
\pgf@max=\dimen156
\pgf@sys@shading@range@num=\count113
)
(/usr/share/texlive/texmf-dist/tex/generic/pgf/basiclayer/pgfcoreimage.code.tex
File: pgfcoreimage.code.tex 2013/07/15  (rcs-revision 1.18)

(/usr/share/texlive/texmf-dist/tex/generic/pgf/basiclayer/pgfcoreexternal.code.
tex
File: pgfcoreexternal.code.tex 2014/07/09  (rcs-revision 1.21)
\pgfexternal@startupbox=\box33
))
(/usr/share/texlive/texmf-dist/tex/generic/pgf/basiclayer/pgfcorelayers.code.te
x
File: pgfcorelayers.code.tex 2013/07/18  (rcs-revision 1.7)
)
(/usr/share/texlive/texmf-dist/tex/generic/pgf/basiclayer/pgfcoretransparency.c
ode.tex
File: pgfcoretransparency.code.tex 2013/09/30  (rcs-revision 1.5)
)
(/usr/share/texlive/texmf-dist/tex/generic/pgf/basiclayer/pgfcorepatterns.code.
tex
File: pgfcorepatterns.code.tex 2013/11/07  (rcs-revision 1.5)
)))
(/usr/share/texlive/texmf-dist/tex/generic/pgf/modules/pgfmoduleshapes.code.tex
File: pgfmoduleshapes.code.tex 2014/03/21  (rcs-revision 1.35)
\pgfnodeparttextbox=\box34
) (/usr/share/texlive/texmf-dist/tex/generic/pgf/modules/pgfmoduleplot.code.tex
File: pgfmoduleplot.code.tex 2015/08/03  (rcs-revision 1.13)
)
(/usr/share/texlive/texmf-dist/tex/latex/pgf/compatibility/pgfcomp-version-0-65
.sty
Package: pgfcomp-version-0-65 2007/07/03 v3.0.1a (rcs-revision 1.7)
\pgf@nodesepstart=\dimen157
\pgf@nodesepend=\dimen158
)
(/usr/share/texlive/texmf-dist/tex/latex/pgf/compatibility/pgfcomp-version-1-18
.sty
Package: pgfcomp-version-1-18 2007/07/23 v3.0.1a (rcs-revision 1.1)
)) (/usr/share/texlive/texmf-dist/tex/latex/pgf/frontendlayer/tikz.sty
(/usr/share/texlive/texmf-dist/tex/latex/pgf/utilities/pgffor.sty
(/usr/share/texlive/texmf-dist/tex/latex/pgf/utilities/pgfkeys.sty
(/usr/share/texlive/texmf-dist/tex/generic/pgf/utilities/pgfkeys.code.tex))
(/usr/share/texlive/texmf-dist/tex/latex/pgf/math/pgfmath.sty
(/usr/share/texlive/texmf-dist/tex/generic/pgf/math/pgfmath.code.tex))
(/usr/share/texlive/texmf-dist/tex/generic/pgf/utilities/pgffor.code.tex
Package: pgffor 2013/12/13 v3.0.1a (rcs-revision 1.25)

(/usr/share/texlive/texmf-dist/tex/generic/pgf/math/pgfmath.code.tex)
\pgffor@iter=\dimen159
\pgffor@skip=\dimen160
\pgffor@stack=\toks39
\pgffor@toks=\toks40
))
(/usr/share/texlive/texmf-dist/tex/generic/pgf/frontendlayer/tikz/tikz.code.tex
Package: tikz 2015/08/07 v3.0.1a (rcs-revision 1.151)

(/usr/share/texlive/texmf-dist/tex/generic/pgf/libraries/pgflibraryplothandlers
.code.tex
File: pgflibraryplothandlers.code.tex 2013/08/31 v3.0.1a (rcs-revision 1.20)
\pgf@plot@mark@count=\count114
\pgfplotmarksize=\dimen161
)
\tikz@lastx=\dimen162
\tikz@lasty=\dimen163
\tikz@lastxsaved=\dimen164
\tikz@lastysaved=\dimen165
\tikzleveldistance=\dimen166
\tikzsiblingdistance=\dimen167
\tikz@figbox=\box35
\tikz@figbox@bg=\box36
\tikz@tempbox=\box37
\tikz@tempbox@bg=\box38
\tikztreelevel=\count115
\tikznumberofchildren=\count116
\tikznumberofcurrentchild=\count117
\tikz@fig@count=\count118

(/usr/share/texlive/texmf-dist/tex/generic/pgf/modules/pgfmodulematrix.code.tex
File: pgfmodulematrix.code.tex 2013/09/17  (rcs-revision 1.8)
\pgfmatrixcurrentrow=\count119
\pgfmatrixcurrentcolumn=\count120
\pgf@matrix@numberofcolumns=\count121
)
\tikz@expandcount=\count122

(/usr/share/texlive/texmf-dist/tex/generic/pgf/frontendlayer/tikz/libraries/tik
zlibrarytopaths.code.tex
File: tikzlibrarytopaths.code.tex 2008/06/17 v3.0.1a (rcs-revision 1.2)
)))
(/usr/share/texlive/texmf-dist/tex/latex/float/float.sty
Package: float 2001/11/08 v1.3d Float enhancements (AL)
\c@float@type=\count123
\float@exts=\toks41
\float@box=\box39
\@float@everytoks=\toks42
\@floatcapt=\box40
)
(/usr/share/texlive/texmf-dist/tex/latex/cite/cite.sty
LaTeX Info: Redefining \cite on input line 302.
LaTeX Info: Redefining \nocite on input line 332.
Package: cite 2015/02/27  v 5.5
)
(/usr/share/texlive/texmf-dist/tex/latex/tools/enumerate.sty
Package: enumerate 2015/07/23 v3.00 enumerate extensions (DPC)
\@enLab=\toks43
)
(/usr/share/texlive/texmf-dist/tex/latex/psnfss/courier.sty
Package: courier 2005/04/12 PSNFSS-v9.2a (WaS) 
)
(/usr/share/texlive/texmf-dist/tex/latex/listings/listings.sty
\lst@mode=\count124
\lst@gtempboxa=\box41
\lst@token=\toks44
\lst@length=\count125
\lst@currlwidth=\dimen168
\lst@column=\count126
\lst@pos=\count127
\lst@lostspace=\dimen169
\lst@width=\dimen170
\lst@newlines=\count128
\lst@lineno=\count129
\lst@maxwidth=\dimen171

(/usr/share/texlive/texmf-dist/tex/latex/listings/lstmisc.sty
File: lstmisc.sty 2015/06/04 1.6 (Carsten Heinz)
\c@lstnumber=\count130
\lst@skipnumbers=\count131
\lst@framebox=\box42
)
(/usr/share/texlive/texmf-dist/tex/latex/listings/listings.cfg
File: listings.cfg 2015/06/04 1.6 listings configuration
))
Package: listings 2015/06/04 1.6 (Carsten Heinz)

(/usr/share/texlive/texmf-dist/tex/latex/hyperref/hyperref.sty
Package: hyperref 2012/11/06 v6.83m Hypertext links for LaTeX

(/usr/share/texlive/texmf-dist/tex/generic/oberdiek/hobsub-hyperref.sty
Package: hobsub-hyperref 2012/05/28 v1.13 Bundle oberdiek, subset hyperref (HO)


(/usr/share/texlive/texmf-dist/tex/generic/oberdiek/hobsub-generic.sty
Package: hobsub-generic 2012/05/28 v1.13 Bundle oberdiek, subset generic (HO)
Package: hobsub 2012/05/28 v1.13 Construct package bundles (HO)
Package hobsub Info: Skipping package `infwarerr' (already loaded).
Package hobsub Info: Skipping package `ltxcmds' (already loaded).
Package: ifluatex 2010/03/01 v1.3 Provides the ifluatex switch (HO)
Package ifluatex Info: LuaTeX not detected.
Package hobsub Info: Skipping package `ifvtex' (already loaded).
Package: intcalc 2007/09/27 v1.1 Expandable calculations with integers (HO)
Package hobsub Info: Skipping package `ifpdf' (already loaded).
Package: etexcmds 2011/02/16 v1.5 Avoid name clashes with e-TeX commands (HO)
Package etexcmds Info: Could not find \expanded.
(etexcmds)             That can mean that you are not using pdfTeX 1.50 or
(etexcmds)             that some package has redefined \expanded.
(etexcmds)             In the latter case, load this package earlier.
Package: kvsetkeys 2012/04/25 v1.16 Key value parser (HO)
Package: kvdefinekeys 2011/04/07 v1.3 Define keys (HO)
Package: pdftexcmds 2011/11/29 v0.20 Utility functions of pdfTeX for LuaTeX (HO
)
Package pdftexcmds Info: LuaTeX not detected.
Package pdftexcmds Info: \pdf@primitive is available.
Package pdftexcmds Info: \pdf@ifprimitive is available.
Package pdftexcmds Info: \pdfdraftmode found.
Package: pdfescape 2011/11/25 v1.13 Implements pdfTeX's escape features (HO)
Package: bigintcalc 2012/04/08 v1.3 Expandable calculations on big integers (HO
)
Package: bitset 2011/01/30 v1.1 Handle bit-vector datatype (HO)
Package: uniquecounter 2011/01/30 v1.2 Provide unlimited unique counter (HO)
)
Package hobsub Info: Skipping package `hobsub' (already loaded).
Package: letltxmacro 2010/09/02 v1.4 Let assignment for LaTeX macros (HO)
Package: hopatch 2012/05/28 v1.2 Wrapper for package hooks (HO)
Package: xcolor-patch 2011/01/30 xcolor patch
Package: atveryend 2011/06/30 v1.8 Hooks at the very end of document (HO)
Package atveryend Info: \enddocument detected (standard20110627).
Package: atbegshi 2011/10/05 v1.16 At begin shipout hook (HO)
Package: refcount 2011/10/16 v3.4 Data extraction from label references (HO)
Package: hycolor 2011/01/30 v1.7 Color options for hyperref/bookmark (HO)
)
(/usr/share/texlive/texmf-dist/tex/latex/oberdiek/auxhook.sty
Package: auxhook 2011/03/04 v1.3 Hooks for auxiliary files (HO)
)
(/usr/share/texlive/texmf-dist/tex/latex/oberdiek/kvoptions.sty
Package: kvoptions 2011/06/30 v3.11 Key value format for package options (HO)
)
\@linkdim=\dimen172
\Hy@linkcounter=\count132
\Hy@pagecounter=\count133

(/usr/share/texlive/texmf-dist/tex/latex/hyperref/pd1enc.def
File: pd1enc.def 2012/11/06 v6.83m Hyperref: PDFDocEncoding definition (HO)
Now handling font encoding PD1 ...
... no UTF-8 mapping file for font encoding PD1
)
\Hy@SavedSpaceFactor=\count134

(/usr/share/texlive/texmf-dist/tex/latex/latexconfig/hyperref.cfg
File: hyperref.cfg 2002/06/06 v1.2 hyperref configuration of TeXLive
)
Package hyperref Info: Hyper figures OFF on input line 4443.
Package hyperref Info: Link nesting OFF on input line 4448.
Package hyperref Info: Hyper index ON on input line 4451.
Package hyperref Info: Plain pages OFF on input line 4458.
Package hyperref Info: Backreferencing OFF on input line 4463.
Package hyperref Info: Implicit mode ON; LaTeX internals redefined.
Package hyperref Info: Bookmarks ON on input line 4688.
\c@Hy@tempcnt=\count135

(/usr/share/texlive/texmf-dist/tex/latex/url/url.sty
\Urlmuskip=\muskip11
Package: url 2013/09/16  ver 3.4  Verb mode for urls, etc.
)
LaTeX Info: Redefining \url on input line 5041.
\XeTeXLinkMargin=\dimen173
\Fld@menulength=\count136
\Field@Width=\dimen174
\Fld@charsize=\dimen175
Package hyperref Info: Hyper figures OFF on input line 6295.
Package hyperref Info: Link nesting OFF on input line 6300.
Package hyperref Info: Hyper index ON on input line 6303.
Package hyperref Info: backreferencing OFF on input line 6310.
Package hyperref Info: Link coloring OFF on input line 6315.
Package hyperref Info: Link coloring with OCG OFF on input line 6320.
Package hyperref Info: PDF/A mode OFF on input line 6325.
LaTeX Info: Redefining \ref on input line 6365.
LaTeX Info: Redefining \pageref on input line 6369.
\Hy@abspage=\count137
\c@Item=\count138
\c@Hfootnote=\count139
)

Package hyperref Message: Driver (autodetected): hpdftex.

(/usr/share/texlive/texmf-dist/tex/latex/hyperref/hpdftex.def
File: hpdftex.def 2012/11/06 v6.83m Hyperref driver for pdfTeX
\Fld@listcount=\count140
\c@bookmark@seq@number=\count141

(/usr/share/texlive/texmf-dist/tex/latex/oberdiek/rerunfilecheck.sty
Package: rerunfilecheck 2011/04/15 v1.7 Rerun checks for auxiliary files (HO)
Package uniquecounter Info: New unique counter `rerunfilecheck' on input line 2
82.
)
\Hy@SectionHShift=\skip49
)
(/usr/share/texlive/texmf-dist/tex/latex/appendix/appendix.sty
Package: appendix 2009/09/02 v1.2b extra appendix facilities
\c@@pps=\count142
\c@@ppsavesec=\count143
\c@@ppsaveapp=\count144
)
\@input{thesis.preamble.aux}
\openout2 = `thesis.preamble.aux'.

(./thesis.preamble.tex
(/usr/share/texlive/texmf-dist/tex/latex/tools/verbatim.sty
Package: verbatim 2014/10/28 v1.5q LaTeX2e package for verbatim enhancements
\every@verbatim=\toks45
\verbatim@line=\toks46
\verbatim@in@stream=\read2
)
(/usr/share/texlive/texmf-dist/tex/latex/base/latexsym.sty
Package: latexsym 1998/08/17 v2.2e Standard LaTeX package (lasy symbols)
\symlasy=\mathgroup6
LaTeX Font Info:    Overwriting symbol font `lasy' in version `bold'
(Font)                  U/lasy/m/n --> U/lasy/b/n on input line 52.
) (./mathchars.sty)
(/usr/share/texlive/texmf-dist/tex/latex/setspace/setspace.sty
Package: setspace 2011/12/19 v6.7a set line spacing
) (./blocked.sty) (./uhead.sty) (./boxit.sty) (./icthesis.sty)
\c@theorem=\count145
\c@defi=\count146
\c@corollary=\count147
) (./thesis.aux)
\openout1 = `thesis.aux'.

LaTeX Font Info:    Checking defaults for OML/cmm/m/it on input line 50.
LaTeX Font Info:    ... okay on input line 50.
LaTeX Font Info:    Checking defaults for T1/cmr/m/n on input line 50.
LaTeX Font Info:    ... okay on input line 50.
LaTeX Font Info:    Checking defaults for OT1/cmr/m/n on input line 50.
LaTeX Font Info:    ... okay on input line 50.
LaTeX Font Info:    Checking defaults for OMS/cmsy/m/n on input line 50.
LaTeX Font Info:    ... okay on input line 50.
LaTeX Font Info:    Checking defaults for OMX/cmex/m/n on input line 50.
LaTeX Font Info:    ... okay on input line 50.
LaTeX Font Info:    Checking defaults for U/cmr/m/n on input line 50.
LaTeX Font Info:    ... okay on input line 50.
LaTeX Font Info:    Checking defaults for PD1/pdf/m/n on input line 50.
LaTeX Font Info:    ... okay on input line 50.

*geometry* driver: auto-detecting
*geometry* detected driver: pdftex
*geometry* verbose mode - [ preamble ] result:
* driver: pdftex
* paper: a4paper
* layout: <same size as paper>
* layoutoffset:(h,v)=(0.0pt,0.0pt)
* modes: twoside 
* h-part:(L,W,R)=(85.35826pt, 455.24411pt, 56.9055pt)
* v-part:(T,H,B)=(113.81102pt, 645.87756pt, 85.35826pt)
* \paperwidth=597.50787pt
* \paperheight=845.04684pt
* \textwidth=455.24411pt
* \textheight=645.87756pt
* \oddsidemargin=13.08827pt
* \evensidemargin=-15.36449pt
* \topmargin=4.54103pt
* \headheight=12.0pt
* \headsep=25.0pt
* \topskip=12.0pt
* \footskip=30.0pt
* \marginparwidth=85.0pt
* \marginparsep=10.0pt
* \columnsep=10.0pt
* \skip\footins=10.8pt plus 4.0pt minus 2.0pt
* \hoffset=0.0pt
* \voffset=0.0pt
* \mag=1000
* \@twocolumnfalse
* \@twosidetrue
* \@mparswitchtrue
* \@reversemarginfalse
* (1in=72.27pt=25.4mm, 1cm=28.453pt)

ABD: EveryShipout initializing macros
(/usr/share/texlive/texmf-dist/tex/context/base/supp-pdf.mkii
[Loading MPS to PDF converter (version 2006.09.02).]
\scratchcounter=\count148
\scratchdimen=\dimen176
\scratchbox=\box43
\nofMPsegments=\count149
\nofMParguments=\count150
\everyMPshowfont=\toks47
\MPscratchCnt=\count151
\MPscratchDim=\dimen177
\MPnumerator=\count152
\makeMPintoPDFobject=\count153
\everyMPtoPDFconversion=\toks48
) (/usr/share/texlive/texmf-dist/tex/latex/oberdiek/epstopdf-base.sty
Package: epstopdf-base 2010/02/09 v2.5 Base part for package epstopdf

(/usr/share/texlive/texmf-dist/tex/latex/oberdiek/grfext.sty
Package: grfext 2010/08/19 v1.1 Manage graphics extensions (HO)
)
Package grfext Info: Graphics extension search list:
(grfext)             [.png,.pdf,.jpg,.mps,.jpeg,.jbig2,.jb2,.PNG,.PDF,.JPG,.JPE
G,.JBIG2,.JB2,.eps]
(grfext)             \AppendGraphicsExtensions on input line 452.

(/usr/share/texlive/texmf-dist/tex/latex/latexconfig/epstopdf-sys.cfg
File: epstopdf-sys.cfg 2010/07/13 v1.3 Configuration of (r)epstopdf for TeX Liv
e
))
\c@lstlisting=\count154
\AtBeginShipoutBox=\box44
Package hyperref Info: Link coloring OFF on input line 50.

(/usr/share/texlive/texmf-dist/tex/latex/hyperref/nameref.sty
Package: nameref 2012/10/27 v2.43 Cross-referencing by name of section

(/usr/share/texlive/texmf-dist/tex/generic/oberdiek/gettitlestring.sty
Package: gettitlestring 2010/12/03 v1.4 Cleanup title references (HO)
)
\c@section@level=\count155
)
LaTeX Info: Redefining \ref on input line 50.
LaTeX Info: Redefining \pageref on input line 50.
LaTeX Info: Redefining \nameref on input line 50.

(./thesis.out) (./thesis.out)
\@outlinefile=\write4
\openout4 = `thesis.out'.


<../../Escritorio/tfg/images/ugr.png, id=175, 602.25pt x 595.22375pt>
File: ../../Escritorio/tfg/images/ugr.png Graphic file (type png)

<use ../../Escritorio/tfg/images/ugr.png>
Package pdftex.def Info: ../../Escritorio/tfg/images/ugr.png used on input line
 62.
(pdftex.def)             Requested size: 120.44786pt x 119.04263pt.

<../../Escritorio/tfg/images/portada.png, id=177, 722.7pt x 325.9377pt>
File: ../../Escritorio/tfg/images/portada.png Graphic file (type png)

<use ../../Escritorio/tfg/images/portada.png>
Package pdftex.def Info: ../../Escritorio/tfg/images/portada.png used on input 
line 62.
(pdftex.def)             Requested size: 433.62334pt x 195.56412pt.

Overfull \vbox (35.53578pt too high) detected at line 62
 []

[1



{/var/lib/texmf/fonts/map/pdftex/updmap/pdftex.map} <../../Escritorio/tfg/image
s/ugr.png> <../../Escritorio/tfg/images/portada.png>] [2

]
(./abstract/abstract.tex [1] [2] [3]) (./acknowledgements/agradecimientos.tex
[4]
LaTeX Font Info:    Try loading font information for OMS+cmr on input line 10.
 (/usr/share/texlive/texmf-dist/tex/latex/base/omscmr.fd
File: omscmr.fd 2014/09/29 v2.5h Standard LaTeX font definitions
)
LaTeX Font Info:    Font shape `OMS/cmr/m/n' in size <12> not available
(Font)              Font shape `OMS/cmsy/m/n' tried instead on input line 10.
)
(./quotes/quotes.tex [5


]
Underfull \hbox (badness 10000) in paragraph at lines 10--14

 []

) [6

] (./thesis.toc
LaTeX Font Info:    Try loading font information for U+msa on input line 4.
 (/usr/share/texlive/texmf-dist/tex/latex/amsfonts/umsa.fd
File: umsa.fd 2013/01/14 v3.01 AMS symbols A
)
LaTeX Font Info:    Try loading font information for U+msb on input line 4.

(/usr/share/texlive/texmf-dist/tex/latex/amsfonts/umsb.fd
File: umsb.fd 2013/01/14 v3.01 AMS symbols B
)
LaTeX Font Info:    Try loading font information for U+lasy on input line 4.

(/usr/share/texlive/texmf-dist/tex/latex/base/ulasy.fd
File: ulasy.fd 1998/08/17 v2.2e LaTeX symbol font definitions
) [7


] [8])
\tf@toc=\write5
\openout5 = `thesis.toc'.

 [9] [10

]
(./thesis.lot)
\tf@lot=\write6
\openout6 = `thesis.lot'.

 [11

] [12

] (./thesis.lof [13

])
\tf@lof=\write7
\openout7 = `thesis.lof'.

 [14]
(./introduccion/introduccion.tex
Chapter 1.

Underfull \hbox (badness 10000) in paragraph at lines 4--5

 []

pdfTeX warning (ext4): destination with the same identifier (name{page.1}) has 
been already used, duplicate ignored
<to be read again> 
                   \relax 
l.10 
      [1


]) (./background/background.texpdfTeX warning (ext4): destination with the same
 identifier (name{page.2}) has been already used, duplicate ignored
<to be read again> 
                   \relax 
l.2 \chapter
            {Marco teórico} [2]
Chapter 2.

Overfull \hbox (0.12894pt too wide) in paragraph at lines 18--21
\OT1/cmr/m/n/12 aflo-ran una se-rie de com-por-tamien-tos cual-i-ta-tivos ^^S^^
Pntimamente rela-ciona-dos con las ^^Sorbitas
 []

[3

]
Overfull \hbox (13.05937pt too wide) in paragraph at lines 41--42
[][]\OT1/cmr/m/it/12 Definici^^Son \OT1/cmr/bx/n/12 2.4 \OT1/cmr/m/n/12 (Con-ju
nto l^^S^^Pmite)\OT1/cmr/bx/n/12 . []\OT1/cmr/m/it/12 De-no-ta-mos por \OT1/cmr
/bx/it/12 con-junto l^^S^^Pmite\OT1/cmr/m/it/12 , $\OML/cmm/m/it/12 L\OT1/cmr/m
/n/12 (\OML/cmm/m/it/12 C[]\OT1/cmr/m/n/12 )$\OT1/cmr/m/it/12 (respectivamente
 []


Underfull \hbox (badness 10000) in paragraph at lines 43--44

 []

[4] [5] [6]
LaTeX Font Info:    Font shape `OMS/cmr/m/it' in size <12> not available
(Font)              Font shape `OMS/cmsy/m/n' tried instead on input line 73.

Underfull \hbox (badness 10000) in paragraph at lines 78--79

 []


</home/booort/Escritorio/tfg/images/transversal.png, id=477, 430.60875pt x 427.
5975pt>
File: /home/booort/Escritorio/tfg/images/transversal.png Graphic file (type png
)
 <use /home/booort/Escritorio/tfg/images/transversal.png>
Package pdftex.def Info: /home/booort/Escritorio/tfg/images/transversal.png use
d on input line 84.
(pdftex.def)             Requested size: 227.62206pt x 226.03185pt.


LaTeX Warning: `h' float specifier changed to `ht'.


Overfull \hbox (5.4775pt too wide) in paragraph at lines 88--89
[]\OT1/cmr/m/n/12 Usando el con-cepto reci^^Sen definido uti-lizare-mos cu-a-tr
o lemas, que al-la-nar^^San la de-mostraci^^Son
 []

[7] [8 </home/booort/Escritorio/tfg/images/transversal.png>] [9] [10] [11]
[12]
</home/booort/Escritorio/tfg/images/phasefinal.png, id=553, 578.16pt x 578.16pt
>
File: /home/booort/Escritorio/tfg/images/phasefinal.png Graphic file (type png)

 <use /home/booort/Escritorio/tfg/images/phasefinal.png>
Package pdftex.def Info: /home/booort/Escritorio/tfg/images/phasefinal.png used
 on input line 217.
(pdftex.def)             Requested size: 227.62206pt x 227.61641pt.
 [13 </home/booort/Escritorio/tfg/images/phasefinal.png>]
</home/booort/Escritorio/tfg/images/vande.png, id=563, 514.92375pt x 354.32375p
t>
File: /home/booort/Escritorio/tfg/images/vande.png Graphic file (type png)
 <use /home/booort/Escritorio/tfg/images/vande.png>
Package pdftex.def Info: /home/booort/Escritorio/tfg/images/vande.png used on i
nput line 230.
(pdftex.def)             Requested size: 227.62206pt x 156.6274pt.
 [14 </home/booort/Escritorio/tfg/images/vande.png>]
Overfull \hbox (10.89484pt too wide) in paragraph at lines 257--259
[][]\OT1/cmr/m/it/12 Definici^^Son \OT1/cmr/bx/n/12 2.7 \OT1/cmr/m/n/12 (Equiv-
a-len-cia topol^^Sogica en-tre dos sis-temas din^^Samicos)\OT1/cmr/bx/n/12 . []
\OT1/cmr/m/it/12 Un sis-tema din^^Samico
 []


Overfull \hbox (11.36317pt too wide) in paragraph at lines 257--259
\OMS/cmsy/m/n/12 f\OML/cmm/m/it/12 T; \U/msb/m/n/12 R[]\OML/cmm/m/it/12 ; ^^^\O
T1/cmr/m/n/12 (\OML/cmm/m/it/12 t\OT1/cmr/m/n/12 )\OMS/cmsy/m/n/12 g$ \OT1/cmr/
m/it/12 es con-sid-er-ado topol^^Sogicamente equiv-a-lente o equiv-a-lente a un
 sis-tema din^^Samico
 []


Underfull \hbox (badness 10000) in paragraph at lines 260--263

 []

[15]

Package hyperref Warning: Token not allowed in a PDF string (PDFDocEncoding):
(hyperref)                removing `\\' on input line 289.

[16]
Underfull \hbox (badness 10000) in paragraph at lines 300--303

 []


</home/booort/Escritorio/tfg/images/saddlenode3.png, id=587, 614.295pt x 337.26
pt>
File: /home/booort/Escritorio/tfg/images/saddlenode3.png Graphic file (type png
)
 <use /home/booort/Escritorio/tfg/images/saddlenode3.png>
Package pdftex.def Info: /home/booort/Escritorio/tfg/images/saddlenode3.png use
d on input line 308.
(pdftex.def)             Requested size: 227.62206pt x 124.9695pt.

</home/booort/Escritorio/tfg/images/saddlenode4.png, id=589, 613.29124pt x 335.
2525pt>
File: /home/booort/Escritorio/tfg/images/saddlenode4.png Graphic file (type png
)
 <use /home/booort/Escritorio/tfg/images/saddlenode4.png>
Package pdftex.def Info: /home/booort/Escritorio/tfg/images/saddlenode4.png use
d on input line 315.
(pdftex.def)             Requested size: 227.62206pt x 124.42514pt.


LaTeX Warning: `h' float specifier changed to `ht'.


</home/booort/Escritorio/tfg/images/saddlenode5.png, id=591, 615.29875pt x 345.
29pt>
File: /home/booort/Escritorio/tfg/images/saddlenode5.png Graphic file (type png
)
 <use /home/booort/Escritorio/tfg/images/saddlenode5.png>
Package pdftex.def Info: /home/booort/Escritorio/tfg/images/saddlenode5.png use
d on input line 321.
(pdftex.def)             Requested size: 227.62206pt x 127.7342pt.


LaTeX Warning: `h' float specifier changed to `ht'.


</home/booort/Escritorio/tfg/images/saddlenodediagrama.png, id=594, 376.40625pt
 x 285.065pt>
File: /home/booort/Escritorio/tfg/images/saddlenodediagrama.png Graphic file (t
ype png)
 <use /home/booort/Escritorio/tfg/images/saddlenodediagrama.png>
Package pdftex.def Info: /home/booort/Escritorio/tfg/images/saddlenodediagrama.
png used on input line 328.
(pdftex.def)             Requested size: 227.62206pt x 172.38873pt.

[17 </home/booort/Escritorio/tfg/images/saddlenode3.png>]

LaTeX Warning: `h' float specifier changed to `ht'.

[18 </home/booort/Escritorio/tfg/images/saddlenode4.png> </home/booort/Escritor
io/tfg/images/saddlenode5.png>] [19 </home/booort/Escritorio/tfg/images/saddlen
odediagrama.png>]

LaTeX Warning: Command \textless invalid in math mode on input line 360.

LaTeX Font Info:    Try loading font information for OML+cmr on input line 360.

(/usr/share/texlive/texmf-dist/tex/latex/base/omlcmr.fd
File: omlcmr.fd 2014/09/29 v2.5h Standard LaTeX font definitions
)
LaTeX Font Info:    Font shape `OML/cmr/m/n' in size <12> not available
(Font)              Font shape `OML/cmm/m/it' tried instead on input line 360.


LaTeX Warning: Command \textless invalid in math mode on input line 360.


Underfull \vbox (badness 10000) has occurred while \output is active []

 [20]
[21]
</home/booort/Escritorio/tfg/images/trans1.png, id=640, 404.51125pt x 368.37625
pt>
File: /home/booort/Escritorio/tfg/images/trans1.png Graphic file (type png)
 <use /home/booort/Escritorio/tfg/images/trans1.png>
Package pdftex.def Info: /home/booort/Escritorio/tfg/images/trans1.png used on 
input line 401.
(pdftex.def)             Requested size: 204.85846pt x 186.55971pt.

Overfull \hbox (0.81227pt too wide) in paragraph at lines 394--404
\OT1/cmr/m/n/12 Es ha-bit-ual tambi^^Sen, en-con-trarnos ca-sos en los que para
 toda variaci^^Son del par^^Sametro
 []


</home/booort/Escritorio/tfg/images/trans2.png, id=642, 347.2975pt x 350.30875p
t>
File: /home/booort/Escritorio/tfg/images/trans2.png Graphic file (type png)
 <use /home/booort/Escritorio/tfg/images/trans2.png>
Package pdftex.def Info: /home/booort/Escritorio/tfg/images/trans2.png used on 
input line 407.
(pdftex.def)             Requested size: 204.85846pt x 206.64294pt.

</home/booort/Escritorio/tfg/images/trans3.png, id=644, 404.51125pt x 357.335pt
>
File: /home/booort/Escritorio/tfg/images/trans3.png Graphic file (type png)
 <use /home/booort/Escritorio/tfg/images/trans3.png>
Package pdftex.def Info: /home/booort/Escritorio/tfg/images/trans3.png used on 
input line 413.
(pdftex.def)             Requested size: 204.85846pt x 180.968pt.
 [22 </home/booort/Escritorio/tfg/images/trans1.png>]
</home/booort/Escritorio/tfg/images/trandiagrama.png, id=654, 365.365pt x 385.4
4pt>
File: /home/booort/Escritorio/tfg/images/trandiagrama.png Graphic file (type pn
g)
 <use /home/booort/Escritorio/tfg/images/trandiagrama.png>
Package pdftex.def Info: /home/booort/Escritorio/tfg/images/trandiagrama.png us
ed on input line 426.
(pdftex.def)             Requested size: 227.62206pt x 240.12895pt.

Underfull \vbox (badness 4621) has occurred while \output is active []

 [23 </home/booort/Escritorio/tfg/images/trans2.png> </home/booort/Escritorio/t
fg/images/trans3.png>]
</home/booort/Escritorio/tfg/images/pitch11.png, id=660, 311.1625pt x 287.0725p
t>
File: /home/booort/Escritorio/tfg/images/pitch11.png Graphic file (type png)
 <use /home/booort/Escritorio/tfg/images/pitch11.png>
Package pdftex.def Info: /home/booort/Escritorio/tfg/images/pitch11.png used on
 input line 452.
(pdftex.def)             Requested size: 204.85846pt x 188.99973pt.

Underfull \hbox (badness 10000) in paragraph at lines 446--454

 []

[24 </home/booort/Escritorio/tfg/images/trandiagrama.png>]
</home/booort/Escritorio/tfg/images/picth12.png, id=668, 320.19624pt x 288.0762
5pt>
File: /home/booort/Escritorio/tfg/images/picth12.png Graphic file (type png)
 <use /home/booort/Escritorio/tfg/images/picth12.png>
Package pdftex.def Info: /home/booort/Escritorio/tfg/images/picth12.png used on
 input line 457.
(pdftex.def)             Requested size: 204.85846pt x 184.31102pt.

</home/booort/Escritorio/tfg/images/picth13.png, id=670, 479.7925pt x 391.4625p
t>
File: /home/booort/Escritorio/tfg/images/picth13.png Graphic file (type png)
 <use /home/booort/Escritorio/tfg/images/picth13.png>
Package pdftex.def Info: /home/booort/Escritorio/tfg/images/picth13.png used on
 input line 462.
(pdftex.def)             Requested size: 204.85846pt x 167.14288pt.

Underfull \vbox (badness 10000) has occurred while \output is active []

 [25 </home/booort/Escritorio/tfg/images/pitch11.png> </home/booort/Escritorio/
tfg/images/picth12.png>]

LaTeX Warning: Command \textgreater invalid in math mode on input line 465.


LaTeX Warning: Command \textgreater invalid in math mode on input line 465.


</home/booort/Escritorio/tfg/images/pitch1diagrama.png, id=677, 526.96875pt x 3
10.15875pt>
File: /home/booort/Escritorio/tfg/images/pitch1diagrama.png Graphic file (type 
png)
 <use /home/booort/Escritorio/tfg/images/pitch1diagrama.png>
Package pdftex.def Info: /home/booort/Escritorio/tfg/images/pitch1diagrama.png 
used on input line 470.
(pdftex.def)             Requested size: 227.62206pt x 133.97144pt.

Underfull \hbox (badness 10000) in paragraph at lines 467--473

 []

[26 </home/booort/Escritorio/tfg/images/picth13.png> </home/booort/Escritorio/t
fg/images/pitch1diagrama.png>]

LaTeX Warning: Command \textless invalid in math mode on input line 483.


LaTeX Warning: Command \textless invalid in math mode on input line 483.


</home/booort/Escritorio/tfg/images/pitch2diagrama.png, id=684, 454.69875pt x 3
59.3425pt>
File: /home/booort/Escritorio/tfg/images/pitch2diagrama.png Graphic file (type 
png)
 <use /home/booort/Escritorio/tfg/images/pitch2diagrama.png>
Package pdftex.def Info: /home/booort/Escritorio/tfg/images/pitch2diagrama.png 
used on input line 487.
(pdftex.def)             Requested size: 227.62206pt x 179.89012pt.
 [27 </home/booort/Escritorio/tfg/images/pitch2diagrama.png>]
</home/booort/Escritorio/tfg/images/fold11.png, id=692, 578.16pt x 578.16pt>
File: /home/booort/Escritorio/tfg/images/fold11.png Graphic file (type png)

<use /home/booort/Escritorio/tfg/images/fold11.png>
Package pdftex.def Info: /home/booort/Escritorio/tfg/images/fold11.png used on 
input line 514.
(pdftex.def)             Requested size: 204.85846pt x 204.85565pt.

</home/booort/Escritorio/tfg/images/fold12.png, id=694, 578.16pt x 578.16pt>
File: /home/booort/Escritorio/tfg/images/fold12.png Graphic file (type png)

<use /home/booort/Escritorio/tfg/images/fold12.png>
Package pdftex.def Info: /home/booort/Escritorio/tfg/images/fold12.png used on 
input line 519.
(pdftex.def)             Requested size: 204.85846pt x 204.85565pt.

Underfull \vbox (badness 10000) has occurred while \output is active []

 [28]
</home/booort/Escritorio/tfg/images/fold13.png, id=701, 578.16pt x 578.16pt>
File: /home/booort/Escritorio/tfg/images/fold13.png Graphic file (type png)

<use /home/booort/Escritorio/tfg/images/fold13.png>
Package pdftex.def Info: /home/booort/Escritorio/tfg/images/fold13.png used on 
input line 524.
(pdftex.def)             Requested size: 204.85846pt x 204.85565pt.

Underfull \vbox (badness 10000) has occurred while \output is active []

 [29 </home/booort/Escritorio/tfg/images/fold11.png> </home/booort/Escritorio/t
fg/images/fold12.png>]
</home/booort/Escritorio/tfg/images/trans11.png, id=709, 578.16pt x 578.16pt>
File: /home/booort/Escritorio/tfg/images/trans11.png Graphic file (type png)

<use /home/booort/Escritorio/tfg/images/trans11.png>
Package pdftex.def Info: /home/booort/Escritorio/tfg/images/trans11.png used on
 input line 536.
(pdftex.def)             Requested size: 204.85846pt x 204.85565pt.

</home/booort/Escritorio/tfg/images/trans12.png, id=711, 578.16pt x 578.16pt>
File: /home/booort/Escritorio/tfg/images/trans12.png Graphic file (type png)

<use /home/booort/Escritorio/tfg/images/trans12.png>
Package pdftex.def Info: /home/booort/Escritorio/tfg/images/trans12.png used on
 input line 541.
(pdftex.def)             Requested size: 204.85846pt x 204.85565pt.

</home/booort/Escritorio/tfg/images/trans13.png, id=713, 578.16pt x 578.16pt>
File: /home/booort/Escritorio/tfg/images/trans13.png Graphic file (type png)

<use /home/booort/Escritorio/tfg/images/trans13.png>
Package pdftex.def Info: /home/booort/Escritorio/tfg/images/trans13.png used on
 input line 546.
(pdftex.def)             Requested size: 204.85846pt x 204.85565pt.
 [30 </home/booort/Escritorio/tfg/images/fold13.png> </home/booort/Escritorio/t
fg/images/trans11.png>]
Underfull \vbox (badness 3668) has occurred while \output is active []

 [31 </home/booort/Escritorio/tfg/images/trans12.png> </home/booort/Escritorio/
tfg/images/trans13.png>]
</home/booort/Escritorio/tfg/images/pitch1.png, id=730, 509.905pt x 495.8525pt>
File: /home/booort/Escritorio/tfg/images/pitch1.png Graphic file (type png)
<use /home/booort/Escritorio/tfg/images/pitch1.png>
Package pdftex.def Info: /home/booort/Escritorio/tfg/images/pitch1.png used on 
input line 562.
(pdftex.def)             Requested size: 204.85846pt x 199.21515pt.

</home/booort/Escritorio/tfg/images/pitch2.png, id=732, 509.905pt x 495.8525pt>
File: /home/booort/Escritorio/tfg/images/pitch2.png Graphic file (type png)
<use /home/booort/Escritorio/tfg/images/pitch2.png>
Package pdftex.def Info: /home/booort/Escritorio/tfg/images/pitch2.png used on 
input line 567.
(pdftex.def)             Requested size: 204.85846pt x 199.21515pt.

</home/booort/Escritorio/tfg/images/pitch3.png, id=734, 509.905pt x 495.8525pt>
File: /home/booort/Escritorio/tfg/images/pitch3.png Graphic file (type png)
<use /home/booort/Escritorio/tfg/images/pitch3.png>
Package pdftex.def Info: /home/booort/Escritorio/tfg/images/pitch3.png used on 
input line 572.
(pdftex.def)             Requested size: 204.85846pt x 199.21515pt.

Underfull \vbox (badness 10000) has occurred while \output is active []

 [32 </home/booort/Escritorio/tfg/images/pitch1.png> </home/booort/Escritorio/t
fg/images/pitch2.png>]
Underfull \vbox (badness 6608) has occurred while \output is active []

 [33 </home/booort/Escritorio/tfg/images/pitch3.png>]
Underfull \hbox (badness 10000) in paragraph at lines 594--597

 []


Underfull \vbox (badness 1275) has occurred while \output is active []

 [34]
</home/booort/Escritorio/tfg/images/hopf11.png, id=757, 1659.19875pt x 606.265p
t>
File: /home/booort/Escritorio/tfg/images/hopf11.png Graphic file (type png)
 <use /home/booort/Escritorio/tfg/images/hopf11.png>
Package pdftex.def Info: /home/booort/Escritorio/tfg/images/hopf11.png used on 
input line 620.
(pdftex.def)             Requested size: 455.24411pt x 166.33948pt.
 [35 </home/booort/Escritorio/tfg/images/hopf11.png>]
</home/booort/Escritorio/tfg/images/hopf21.png, id=765, 1593.955pt x 679.53876p
t>
File: /home/booort/Escritorio/tfg/images/hopf21.png Graphic file (type png)
 <use /home/booort/Escritorio/tfg/images/hopf21.png>
Package pdftex.def Info: /home/booort/Escritorio/tfg/images/hopf21.png used on 
input line 636.
(pdftex.def)             Requested size: 455.24411pt x 194.07495pt.

</home/booort/Escritorio/tfg/images/hopf12.png, id=767, 1189.44376pt x 750.805p
t>
File: /home/booort/Escritorio/tfg/images/hopf12.png Graphic file (type png)
 <use /home/booort/Escritorio/tfg/images/hopf12.png>
Package pdftex.def Info: /home/booort/Escritorio/tfg/images/hopf12.png used on 
input line 645.
(pdftex.def)             Requested size: 455.24411pt x 287.35954pt.

</home/booort/Escritorio/tfg/images/hopf22.png, id=769, 1173.38374pt x 685.5612
5pt>
File: /home/booort/Escritorio/tfg/images/hopf22.png Graphic file (type png)
 <use /home/booort/Escritorio/tfg/images/hopf22.png>
Package pdftex.def Info: /home/booort/Escritorio/tfg/images/hopf22.png used on 
input line 651.
(pdftex.def)             Requested size: 455.24411pt x 265.97652pt.

Underfull \vbox (badness 10000) has occurred while \output is active []

 [36 </home/booort/Escritorio/tfg/images/hopf21.png>] [37 </home/booort/Escrito
rio/tfg/images/hopf12.png> </home/booort/Escritorio/tfg/images/hopf22.png>]
Underfull \hbox (badness 10000) in paragraph at lines 685--686

 []


Underfull \vbox (badness 5231) has occurred while \output is active []

 [38]
[39]
</home/booort/Escritorio/tfg/images/vanderpol_oscillator2.png, id=807, 578.16pt
 x 578.16pt>
File: /home/booort/Escritorio/tfg/images/vanderpol_oscillator2.png Graphic file
 (type png)

<use /home/booort/Escritorio/tfg/images/vanderpol_oscillator2.png>
Package pdftex.def Info: /home/booort/Escritorio/tfg/images/vanderpol_oscillato
r2.png used on input line 735.
(pdftex.def)             Requested size: 227.62206pt x 227.61641pt.

</home/booort/Escritorio/tfg/images/vanderpol_oscillator.png, id=808, 578.16pt 
x 578.16pt>
File: /home/booort/Escritorio/tfg/images/vanderpol_oscillator.png Graphic file 
(type png)
 <use /home/booort/Escritorio/tfg/images/vanderpol_oscillator.png>
Package pdftex.def Info: /home/booort/Escritorio/tfg/images/vanderpol_oscillato
r.png used on input line 742.
(pdftex.def)             Requested size: 227.62206pt x 227.61641pt.

Underfull \vbox (badness 10000) has occurred while \output is active []

 [40 </home/booort/Escritorio/tfg/images/vanderpol_oscillator2.png>]
Underfull \vbox (badness 8000) has occurred while \output is active []

 [41 </home/booort/Escritorio/tfg/images/vanderpol_oscillator.png>]
Underfull \vbox (badness 3701) has occurred while \output is active []

 [42]
</home/booort/Escritorio/tfg/images/gusanos.png, id=836, 726.715pt x 446.66875p
t>
File: /home/booort/Escritorio/tfg/images/gusanos.png Graphic file (type png)
 <use /home/booort/Escritorio/tfg/images/gusanos.png>
Package pdftex.def Info: /home/booort/Escritorio/tfg/images/gusanos.png used on
 input line 796.
(pdftex.def)             Requested size: 364.19667pt x 223.8518pt.

Underfull \vbox (badness 10000) has occurred while \output is active []

 [43]
</home/booort/Escritorio/tfg/images/gusanos2.png, id=845, 711.65875pt x 307.147
5pt>
File: /home/booort/Escritorio/tfg/images/gusanos2.png Graphic file (type png)
 <use /home/booort/Escritorio/tfg/images/gusanos2.png>
Package pdftex.def Info: /home/booort/Escritorio/tfg/images/gusanos2.png used o
n input line 806.
(pdftex.def)             Requested size: 227.62206pt x 98.23764pt.
 [44 </home/booort/Escritorio/tfg/images/gusanos.png> </home/booort/Escritorio/
tfg/images/gusanos2.png>]
</home/booort/Escritorio/tfg/images/selkovvv.png, id=856, 722.7pt x 433.62pt>
File: /home/booort/Escritorio/tfg/images/selkovvv.png Graphic file (type png)

<use /home/booort/Escritorio/tfg/images/selkovvv.png>
Package pdftex.def Info: /home/booort/Escritorio/tfg/images/selkovvv.png used o
n input line 824.
(pdftex.def)             Requested size: 318.66948pt x 191.20361pt.


LaTeX Warning: `h' float specifier changed to `ht'.


</home/booort/Escritorio/tfg/images/hopfnulclinas.png, id=857, 790.955pt x 538.
01pt>
File: /home/booort/Escritorio/tfg/images/hopfnulclinas.png Graphic file (type p
ng)
 <use /home/booort/Escritorio/tfg/images/hopfnulclinas.png>
Package pdftex.def Info: /home/booort/Escritorio/tfg/images/hopfnulclinas.png u
sed on input line 832.
(pdftex.def)             Requested size: 455.24411pt x 309.65709pt.

Underfull \vbox (badness 10000) has occurred while \output is active []

 [45]
[46 </home/booort/Escritorio/tfg/images/selkovvv.png> </home/booort/Escritorio/
tfg/images/hopfnulclinas.png>]
</home/booort/Escritorio/tfg/images/areahopf.png, id=872, 793.96625pt x 506.893
75pt>
File: /home/booort/Escritorio/tfg/images/areahopf.png Graphic file (type png)
 <use /home/booort/Escritorio/tfg/images/areahopf.png>
Package pdftex.def Info: /home/booort/Escritorio/tfg/images/areahopf.png used o
n input line 850.
(pdftex.def)             Requested size: 318.66948pt x 203.45001pt.
 [47 </home/booort/Escritorio/tfg/images/areahopf.png>] [48] [49]) (./numerico.
tex [50]
Chapter 3.

Overfull \hbox (2.98167pt too wide) in paragraph at lines 5--5
[]\OT1/cmr/bx/n/17.28 Principios gen-erales para el tratamiento num^^Serico
 []


Overfull \hbox (31.29668pt too wide) in paragraph at lines 6--9
\OT1/cmr/m/n/12 Es de suponer por todo lec-tor, tras los ejem-p-los vis-tos an-
te-ri-or-mente, que es-tu-diar anal^^S^^Pticamente
 []


Overfull \hbox (6.59137pt too wide) in paragraph at lines 10--15
\OT1/cmr/m/n/12 equidis-tante con una can-ti-dad de no-dos cua-lesquiera (pre-v
i-a-mente es-cogi-dos), ob-tendr^^S^^Pamos
 []


Underfull \vbox (badness 10000) has occurred while \output is active []

 [51

]
[52] [53] [54]
Underfull \vbox (badness 1215) has occurred while \output is active []

 [55]
[56]
Underfull \hbox (badness 10000) in paragraph at lines 120--123

 []


Overfull \hbox (14.58574pt too wide) in paragraph at lines 132--134
\OT1/cmr/m/n/12 Las ideas de ex-trap-o-laci^^Son poli-no-mial tambi^^Sen pueden
 us-arse para el paso de predicci^^Son.
 []

[57]
</home/booort/Escritorio/tfg/images/predic.png, id=978, 484.81125pt x 265.99374
pt>
File: /home/booort/Escritorio/tfg/images/predic.png Graphic file (type png)
 <use /home/booort/Escritorio/tfg/images/predic.png>
Package pdftex.def Info: /home/booort/Escritorio/tfg/images/predic.png used on 
input line 147.
(pdftex.def)             Requested size: 318.66948pt x 174.84613pt.
 [58 </home/booort/Escritorio/tfg/images/predic.png>]
Underfull \vbox (badness 4024) has occurred while \output is active []

 [59]
Overfull \hbox (9.29054pt too wide) in paragraph at lines 196--197
[][]\OT1/cmr/m/it/12 Definici^^Son \OT1/cmr/bx/n/12 3.1. []\OT1/cmr/m/it/12 Una
 funci^^Son test para bi-fur-ca-ciones es una funci^^Son que sat-is-face la pro
piedad 
 []

[60]
Underfull \vbox (badness 1033) has occurred while \output is active []

 [61]
[62] [63] [64] [65]

LaTeX Warning: `h' float specifier changed to `ht'.


LaTeX Warning: `h' float specifier changed to `ht'.

[66]
LaTeX Font Info:    Try loading font information for OT1+pcr on input line 387.

 (/usr/share/texlive/texmf-dist/tex/latex/psnfss/ot1pcr.fd
File: ot1pcr.fd 2001/06/04 font definitions for OT1/pcr.
)
Overfull \hbox (35.51376pt too wide) in paragraph at lines 412--413
\OT1/cmr/m/n/12 [[]Doe[]]. Comen-zare-mos con la de-scripci^^Son matem^^Satica 
del mismo. Analizare-mos matem^^Saticamente
 []


Underfull \vbox (badness 1024) has occurred while \output is active []

 [67]
[68] [69] (/usr/share/texlive/texmf-dist/tex/latex/listings/lstlang1.sty
File: lstlang1.sty 2015/06/04 1.6 listings language file
)
[70] [71] [72]

LaTeX Warning: Reference `a' on page 73 undefined on input line 598.


LaTeX Warning: Reference `tabla tipo pnto' on page 73 undefined on input line 5
98.

[73]
</home/booort/Escritorio/tfg/images/pp21.png, id=1223, 767.86874pt x 514.92375p
t>
File: /home/booort/Escritorio/tfg/images/pp21.png Graphic file (type png)
 <use /home/booort/Escritorio/tfg/images/pp21.png>
Package pdftex.def Info: /home/booort/Escritorio/tfg/images/pp21.png used on in
put line 643.
(pdftex.def)             Requested size: 455.24411pt x 305.28737pt.

Overfull \hbox (2.64003pt too wide) in paragraph at lines 640--646
[]\OT1/cmr/m/n/12 Finalmente pode-mos obtener un di-a-grama de bi-fur-ca-ciones
 en-frentando x con el par^^Sametro.
 []

[74] [75 </home/booort/Escritorio/tfg/images/pp21.png>]
</home/booort/Escritorio/tfg/images/diagramfinalfinal.png, id=1253, 690.58pt x 
491.8375pt>
File: /home/booort/Escritorio/tfg/images/diagramfinalfinal.png Graphic file (ty
pe png)
 <use /home/booort/Escritorio/tfg/images/diagramfinalfinal.png>
Package pdftex.def Info: /home/booort/Escritorio/tfg/images/diagramfinalfinal.p
ng used on input line 676.
(pdftex.def)             Requested size: 455.24411pt x 324.231pt.


LaTeX Warning: `h' float specifier changed to `ht'.


</home/booort/Escritorio/tfg/images/diagramagusanos.png, id=1257, 644.4075pt x 
399.4925pt>
File: /home/booort/Escritorio/tfg/images/diagramagusanos.png Graphic file (type
 png)
 <use /home/booort/Escritorio/tfg/images/diagramagusanos.png>
Package pdftex.def Info: /home/booort/Escritorio/tfg/images/diagramagusanos.png
 used on input line 690.
(pdftex.def)             Requested size: 455.24411pt x 282.23354pt.


LaTeX Warning: `h' float specifier changed to `ht'.

) (./conclusion/conclusion.tex [76] [77 </home/booort/Escritorio/tfg/images/dia
gramfinalfinal.png>] [78 </home/booort/Escritorio/tfg/images/diagramagusanos.pn
g (PNG copy)>]
Chapter 4.
[79

] [80]) [81]pdfTeX warning (ext4): destination with the same identifier (name{c
hapter.1}) has been already used, duplicate ignored
<to be read again> 
                   \relax 
l.78 \chapter{Códigos AUTO}
                            \label{aped.A}
Anexo A.
pdfTeX warning (ext4): destination with the same identifier (name{section.1.1})
 has been already used, duplicate ignored
<to be read again> 
                   \relax 
l.79 \section{Código del modelo predador presa.}
                                                  [82

] [83] [84] [85]pdfTeX warning (ext4): destination with the same identifier (na
me{chapter.2}) has been already used, duplicate ignored
<to be read again> 
                   \relax 
l.192 \chapter{Códigos Python}
                               \label{aped.B}
Anexo B.
pdfTeX warning (ext4): destination with the same identifier (name{section.2.1})
 has been already used, duplicate ignored
<to be read again> 
                   \relax 
l.193 \section{Dibujar órbitas}
                                 [86

]pdfTeX warning (ext4): destination with the same identifier (name{section.2.2}
) has been already used, duplicate ignored
<to be read again> 
                   \relax 
l.223 \section{Nulclinas y diagrama de fases}
                                              [87] [88]pdfTeX warning (ext4): d
estination with the same identifier (name{chapter.3}) has been already used, du
plicate ignored
<to be read again> 
                   \relax 
l.272 \chapter{Códigos Geogebra}
                                 \label{aped.C}
Anexo C.
pdfTeX warning (ext4): destination with the same identifier (name{section.3.1})
 has been already used, duplicate ignored
<to be read again> 
                   \relax 
l.273 ...tion{Archivo de visualización dinámica}
                                                   (./thesis.bbl [89

] [90

])
[91]
Package atveryend Info: Empty hook `BeforeClearDocument' on input line 294.
Package atveryend Info: Empty hook `AfterLastShipout' on input line 294.
 (./thesis.aux)
Package atveryend Info: Executing hook `AtVeryEndDocument' on input line 294.
Package atveryend Info: Executing hook `AtEndAfterFileList' on input line 294.
Package rerunfilecheck Info: File `thesis.out' has not changed.
(rerunfilecheck)             Checksum: D99C18734B41A2DADF2F206445B0083D;3334.


LaTeX Warning: There were undefined references.

Package atveryend Info: Empty hook `AtVeryVeryEnd' on input line 294.
 ) 
Here is how much of TeX's memory you used:
 20081 strings out of 494953
 356592 string characters out of 6180977
 622411 words of memory out of 5000000
 22242 multiletter control sequences out of 15000+600000
 15223 words of font info for 61 fonts, out of 8000000 for 9000
 14 hyphenation exceptions out of 8191
 48i,21n,54p,1319b,1971s stack positions out of 5000i,500n,10000p,200000b,80000s
pdfTeX warning (dest): name{DropBearCode} has been referenced but does not ex
ist, replaced by a fixed one

pdfTeX warning (dest): name{VFGEN} has been referenced but does not exist, repl
aced by a fixed one

pdfTeX warning (dest): name{Hfootnote.6} has been referenced but does not exist
, replaced by a fixed one

pdfTeX warning (dest): name{Hfootnote.5} has been referenced but does not exist
, replaced by a fixed one

pdfTeX warning (dest): name{Hfootnote.4} has been referenced but does not exist
, replaced by a fixed one

pdfTeX warning (dest): name{Hfootnote.3} has been referenced but does not exist
, replaced by a fixed one

pdfTeX warning (dest): name{Hfootnote.2} has been referenced but does not exist
, replaced by a fixed one

pdfTeX warning (dest): name{Hfootnote.1} has been referenced but does not exist
, replaced by a fixed one

pdfTeX warning (dest): name{lstnumber.-27.13} has been referenced but does not 
exist, replaced by a fixed one

{/usr/share/texlive/texmf-dist/fonts/enc/dvips/base/8r.enc}</usr/share/texlive/
texmf-dist/fonts/type1/public/amsfonts/cm/cmbx12.pfb></usr/share/texlive/texmf-
dist/fonts/type1/public/amsfonts/cm/cmbxti10.pfb></usr/share/texlive/texmf-dist
/fonts/type1/public/amsfonts/cm/cmex10.pfb></usr/share/texlive/texmf-dist/fonts
/type1/public/amsfonts/cm/cmmi10.pfb></usr/share/texlive/texmf-dist/fonts/type1
/public/amsfonts/cm/cmmi12.pfb></usr/share/texlive/texmf-dist/fonts/type1/publi
c/amsfonts/cm/cmmi6.pfb></usr/share/texlive/texmf-dist/fonts/type1/public/amsfo
nts/cm/cmmi8.pfb></usr/share/texlive/texmf-dist/fonts/type1/public/amsfonts/cm/
cmr10.pfb></usr/share/texlive/texmf-dist/fonts/type1/public/amsfonts/cm/cmr12.p
fb></usr/share/texlive/texmf-dist/fonts/type1/public/amsfonts/cm/cmr17.pfb></us
r/share/texlive/texmf-dist/fonts/type1/public/amsfonts/cm/cmr6.pfb></usr/share/
texlive/texmf-dist/fonts/type1/public/amsfonts/cm/cmr7.pfb></usr/share/texlive/
texmf-dist/fonts/type1/public/amsfonts/cm/cmr8.pfb></usr/share/texlive/texmf-di
st/fonts/type1/public/amsfonts/cm/cmsl12.pfb></usr/share/texlive/texmf-dist/fon
ts/type1/public/amsfonts/cm/cmsy10.pfb></usr/share/texlive/texmf-dist/fonts/typ
e1/public/amsfonts/cm/cmsy6.pfb></usr/share/texlive/texmf-dist/fonts/type1/publ
ic/amsfonts/cm/cmsy8.pfb></usr/share/texlive/texmf-dist/fonts/type1/public/amsf
onts/cm/cmti12.pfb></usr/share/texlive/texmf-dist/fonts/type1/public/amsfonts/s
ymbols/msbm10.pfb></usr/share/texlive/texmf-dist/fonts/type1/urw/courier/ucrr8a
.pfb>
Output written on thesis.pdf (107 pages, 1688463 bytes).
PDF statistics:
 1724 PDF objects out of 1728 (max. 8388607)
 1521 compressed objects within 16 object streams
 667 named destinations out of 1000 (max. 500000)
 575 words of extra memory for PDF output out of 10000 (max. 10000000)

